# JRE version: OpenJDK Runtime Environment Temurin-17.0.6+10 (17.0.6+10) (build 17.0.6+10)
# Java VM: OpenJDK 64-Bit Server VM Temurin-17.0.6+10 (17.0.6+10, mixed mode, emulated-client, tiered, compressed oops, compressed class ptrs, g1 gc, windows-amd64)
GC Precious Log:
 CPUs: 2 total, 2 available
 Memory: 3274M
 Large Page Support: Disabled
 NUMA Support: Disabled
 Compressed Oops: Enabled (32-bit)
 Heap Region Size: 1M
 Heap Min Capacity: 8M
 Heap Initial Capacity: 52M
 Heap Max Capacity: 820M
 Pre-touch: Disabled
 Parallel Workers: 2
 Concurrent Workers: 1
 Concurrent Refinement Workers: 2
 Periodic GC: Disabled
Heap:
 garbage-first heap   total 46080K, used 18704K [0x00000000ccc00000, 0x0000000100000000)
  region size 1024K, 2 young (2048K), 2 survivors (2048K)
 Metaspace       used 41914K, committed 42368K, reserved 1089536K
  class space    used 5446K, committed 5632K, reserved 1048576K
GC Heap History (20 events):
Event: 2.248 GC heap after
{Heap after GC invocations=3 (full 0):
 garbage-first heap   total 53248K, used 7355K [0x00000000ccc00000, 0x0000000100000000)
  region size 1024K, 2 young (2048K), 2 survivors (2048K)
 Metaspace       used 15462K, committed 15680K, reserved 1064960K
  class space    used 1636K, committed 1728K, reserved 1048576K
}
Event: 2.946 GC heap before
{Heap before GC invocations=3 (full 0):
 garbage-first heap   total 53248K, used 21691K [0x00000000ccc00000, 0x0000000100000000)
  region size 1024K, 17 young (17408K), 2 survivors (2048K)
 Metaspace       used 18480K, committed 18752K, reserved 1073152K
  class space    used 2069K, committed 2240K, reserved 1048576K
}
Event: 2.956 GC heap after
{Heap after GC invocations=4 (full 0):
 garbage-first heap   total 53248K, used 8600K [0x00000000ccc00000, 0x0000000100000000)
  region size 1024K, 3 young (3072K), 3 survivors (3072K)
 Metaspace       used 18480K, committed 18752K, reserved 1073152K
  class space    used 2069K, committed 2240K, reserved 1048576K
}
Event: 3.505 GC heap before
{Heap before GC invocations=4 (full 0):
 garbage-first heap   total 53248K, used 19864K [0x00000000ccc00000, 0x0000000100000000)
  region size 1024K, 16 young (16384K), 3 survivors (3072K)
 Metaspace       used 21294K, committed 21504K, reserved 1073152K
  class space    used 2455K, committed 2560K, reserved 1048576K
}
Event: 3.514 GC heap after
{Heap after GC invocations=5 (full 0):
 garbage-first heap   total 53248K, used 9269K [0x00000000ccc00000, 0x0000000100000000)
  region size 1024K, 2 young (2048K), 2 survivors (2048K)
 Metaspace       used 21294K, committed 21504K, reserved 1073152K
  class space    used 2455K, committed 2560K, reserved 1048576K
}
Event: 4.336 GC heap before
{Heap before GC invocations=6 (full 0):
 garbage-first heap   total 37888K, used 28725K [0x00000000ccc00000, 0x0000000100000000)
  region size 1024K, 22 young (22528K), 2 survivors (2048K)
 Metaspace       used 26134K, committed 26432K, reserved 1073152K
  class space    used 3087K, committed 3200K, reserved 1048576K
}
Event: 4.347 GC heap after
{Heap after GC invocations=7 (full 0):
 garbage-first heap   total 37888K, used 10449K [0x00000000ccc00000, 0x0000000100000000)
  region size 1024K, 2 young (2048K), 2 survivors (2048K)
 Metaspace       used 26134K, committed 26432K, reserved 1073152K
  class space    used 3087K, committed 3200K, reserved 1048576K
}
Event: 4.390 GC heap before
{Heap before GC invocations=7 (full 0):
 garbage-first heap   total 37888K, used 11473K [0x00000000ccc00000, 0x0000000100000000)
  region size 1024K, 3 young (3072K), 2 survivors (2048K)
 Metaspace       used 26332K, committed 26624K, reserved 1073152K
  class space    used 3118K, committed 3264K, reserved 1048576K
}
Event: 4.398 GC heap after
{Heap after GC invocations=8 (full 0):
 garbage-first heap   total 46080K, used 10816K [0x00000000ccc00000, 0x0000000100000000)
  region size 1024K, 1 young (1024K), 1 survivors (1024K)
 Metaspace       used 26332K, committed 26624K, reserved 1073152K
  class space    used 3118K, committed 3264K, reserved 1048576K
}
Event: 5.261 GC heap before
{Heap before GC invocations=8 (full 0):
 garbage-first heap   total 46080K, used 31296K [0x00000000ccc00000, 0x0000000100000000)
  region size 1024K, 21 young (21504K), 1 survivors (1024K)
 Metaspace       used 27973K, committed 28224K, reserved 1081344K
  class space    used 3356K, committed 3456K, reserved 1048576K
}
Event: 5.267 GC heap after
{Heap after GC invocations=9 (full 0):
 garbage-first heap   total 46080K, used 12279K [0x00000000ccc00000, 0x0000000100000000)
  region size 1024K, 2 young (2048K), 2 survivors (2048K)
 Metaspace       used 27973K, committed 28224K, reserved 1081344K
  class space    used 3356K, committed 3456K, reserved 1048576K
}
Event: 6.262 GC heap before
{Heap before GC invocations=9 (full 0):
 garbage-first heap   total 46080K, used 32759K [0x00000000ccc00000, 0x0000000100000000)
  region size 1024K, 22 young (22528K), 2 survivors (2048K)
 Metaspace       used 30639K, committed 31040K, reserved 1081344K
  class space    used 3766K, committed 3968K, reserved 1048576K
}
Event: 6.276 GC heap after
{Heap after GC invocations=10 (full 0):
 garbage-first heap   total 46080K, used 13524K [0x00000000ccc00000, 0x0000000100000000)
  region size 1024K, 2 young (2048K), 2 survivors (2048K)
 Metaspace       used 30639K, committed 31040K, reserved 1081344K
  class space    used 3766K, committed 3968K, reserved 1048576K
}
Event: 7.141 GC heap before
{Heap before GC invocations=10 (full 0):
 garbage-first heap   total 46080K, used 34004K [0x00000000ccc00000, 0x0000000100000000)
  region size 1024K, 22 young (22528K), 2 survivors (2048K)
 Metaspace       used 33847K, committed 34304K, reserved 1081344K
  class space    used 4287K, committed 4480K, reserved 1048576K
}
Event: 7.152 GC heap after
{Heap after GC invocations=11 (full 0):
 garbage-first heap   total 46080K, used 15621K [0x00000000ccc00000, 0x0000000100000000)
  region size 1024K, 3 young (3072K), 3 survivors (3072K)
 Metaspace       used 33847K, committed 34304K, reserved 1081344K
  class space    used 4287K, committed 4480K, reserved 1048576K
}
Event: 7.629 GC heap before
{Heap before GC invocations=11 (full 0):
 garbage-first heap   total 46080K, used 25861K [0x00000000ccc00000, 0x0000000100000000)
  region size 1024K, 14 young (14336K), 3 survivors (3072K)
 Metaspace       used 35707K, committed 36096K, reserved 1081344K
  class space    used 4492K, committed 4672K, reserved 1048576K
}
Event: 7.643 GC heap after
{Heap after GC invocations=12 (full 0):
 garbage-first heap   total 46080K, used 16938K [0x00000000ccc00000, 0x0000000100000000)
  region size 1024K, 2 young (2048K), 2 survivors (2048K)
 Metaspace       used 35707K, committed 36096K, reserved 1081344K
  class space    used 4492K, committed 4672K, reserved 1048576K
}
Event: 8.366 GC heap before
{Heap before GC invocations=13 (full 0):
 garbage-first heap   total 46080K, used 32298K [0x00000000ccc00000, 0x0000000100000000)
  region size 1024K, 18 young (18432K), 2 survivors (2048K)
 Metaspace       used 38241K, committed 38656K, reserved 1089536K
  class space    used 4843K, committed 5056K, reserved 1048576K
}
Event: 8.384 GC heap after
{Heap after GC invocations=14 (full 0):
 garbage-first heap   total 46080K, used 17851K [0x00000000ccc00000, 0x0000000100000000)
  region size 1024K, 3 young (3072K), 3 survivors (3072K)
 Metaspace       used 38241K, committed 38656K, reserved 1089536K
  class space    used 4843K, committed 5056K, reserved 1048576K
}
Event: 9.105 GC heap before
{Heap before GC invocations=14 (full 0):
 garbage-first heap   total 46080K, used 34235K [0x00000000ccc00000, 0x0000000100000000)
  region size 1024K, 19 young (19456K), 3 survivors (3072K)
 Metaspace       used 41914K, committed 42368K, reserved 1089536K
  class space    used 5446K, committed 5632K, reserved 1048576K
}

