# JRE version: OpenJDK Runtime Environment Temurin-17.0.6+10 (17.0.6+10) (build 17.0.6+10)
# Java VM: OpenJDK 64-Bit Server VM Temurin-17.0.6+10 (17.0.6+10, mixed mode, emulated-client, tiered, compressed oops, compressed class ptrs, g1 gc, windows-amd64)
GC Precious Log:
 CPUs: 2 total, 2 available
 Memory: 3274M
 Large Page Support: Disabled
 NUMA Support: Disabled
 Compressed Oops: Enabled (32-bit)
 Heap Region Size: 1M
 Heap Min Capacity: 8M
 Heap Initial Capacity: 52M
 Heap Max Capacity: 820M
 Pre-touch: Disabled
 Parallel Workers: 2
 Concurrent Workers: 1
 Concurrent Refinement Workers: 2
 Periodic GC: Disabled
Heap:
 garbage-first heap   total 64512K, used 44807K [0x00000000ccc00000, 0x0000000100000000)
  region size 1024K, 22 young (22528K), 4 survivors (4096K)
 Metaspace       used 74447K, committed 74944K, reserved 1114112K
  class space    used 10061K, committed 10304K, reserved 1048576K
GC Heap History (20 events):
Event: 1195.437 GC heap before
{Heap before GC invocations=55 (full 1):
 garbage-first heap   total 53248K, used 41306K [0x00000000ccc00000, 0x0000000100000000)
  region size 1024K, 19 young (19456K), 2 survivors (2048K)
 Metaspace       used 74010K, committed 74496K, reserved 1114112K
  class space    used 10029K, committed 10240K, reserved 1048576K
}
Event: 1195.450 GC heap after
{Heap after GC invocations=56 (full 1):
 garbage-first heap   total 53248K, used 26060K [0x00000000ccc00000, 0x0000000100000000)
  region size 1024K, 3 young (3072K), 3 survivors (3072K)
 Metaspace       used 74010K, committed 74496K, reserved 1114112K
  class space    used 10029K, committed 10240K, reserved 1048576K
}
Event: 1203.111 GC heap before
{Heap before GC invocations=56 (full 1):
 garbage-first heap   total 53248K, used 40396K [0x00000000ccc00000, 0x0000000100000000)
  region size 1024K, 17 young (17408K), 3 survivors (3072K)
 Metaspace       used 74169K, committed 74688K, reserved 1114112K
  class space    used 10045K, committed 10304K, reserved 1048576K
}
Event: 1203.149 GC heap after
{Heap after GC invocations=57 (full 1):
 garbage-first heap   total 53248K, used 27970K [0x00000000ccc00000, 0x0000000100000000)
  region size 1024K, 3 young (3072K), 3 survivors (3072K)
 Metaspace       used 74169K, committed 74688K, reserved 1114112K
  class space    used 10045K, committed 10304K, reserved 1048576K
}
Event: 1204.905 GC heap before
{Heap before GC invocations=57 (full 1):
 garbage-first heap   total 53248K, used 37186K [0x00000000ccc00000, 0x0000000100000000)
  region size 1024K, 13 young (13312K), 3 survivors (3072K)
 Metaspace       used 74177K, committed 74688K, reserved 1114112K
  class space    used 10047K, committed 10304K, reserved 1048576K
}
Event: 1205.000 GC heap after
{Heap after GC invocations=58 (full 2):
 garbage-first heap   total 53248K, used 23140K [0x00000000ccc00000, 0x0000000100000000)
  region size 1024K, 0 young (0K), 0 survivors (0K)
 Metaspace       used 74121K, committed 74688K, reserved 1114112K
  class space    used 10033K, committed 10304K, reserved 1048576K
}
Event: 1205.592 GC heap before
{Heap before GC invocations=58 (full 2):
 garbage-first heap   total 53248K, used 39524K [0x00000000ccc00000, 0x0000000100000000)
  region size 1024K, 16 young (16384K), 0 survivors (0K)
 Metaspace       used 74136K, committed 74688K, reserved 1114112K
  class space    used 10036K, committed 10304K, reserved 1048576K
}
Event: 1205.598 GC heap after
{Heap after GC invocations=59 (full 2):
 garbage-first heap   total 64512K, used 24572K [0x00000000ccc00000, 0x0000000100000000)
  region size 1024K, 2 young (2048K), 2 survivors (2048K)
 Metaspace       used 74136K, committed 74688K, reserved 1114112K
  class space    used 10036K, committed 10304K, reserved 1048576K
}
Event: 1206.701 GC heap before
{Heap before GC invocations=59 (full 2):
 garbage-first heap   total 64512K, used 46076K [0x00000000ccc00000, 0x0000000100000000)
  region size 1024K, 24 young (24576K), 2 survivors (2048K)
 Metaspace       used 74162K, committed 74688K, reserved 1114112K
  class space    used 10041K, committed 10304K, reserved 1048576K
}
Event: 1206.711 GC heap after
{Heap after GC invocations=60 (full 2):
 garbage-first heap   total 64512K, used 26525K [0x00000000ccc00000, 0x0000000100000000)
  region size 1024K, 3 young (3072K), 3 survivors (3072K)
 Metaspace       used 74162K, committed 74688K, reserved 1114112K
  class space    used 10041K, committed 10304K, reserved 1048576K
}
Event: 1333.491 GC heap before
{Heap before GC invocations=60 (full 2):
 garbage-first heap   total 64512K, used 48029K [0x00000000ccc00000, 0x0000000100000000)
  region size 1024K, 24 young (24576K), 3 survivors (3072K)
 Metaspace       used 74286K, committed 74816K, reserved 1114112K
  class space    used 10048K, committed 10304K, reserved 1048576K
}
Event: 1333.502 GC heap after
{Heap after GC invocations=61 (full 2):
 garbage-first heap   total 64512K, used 27562K [0x00000000ccc00000, 0x0000000100000000)
  region size 1024K, 2 young (2048K), 2 survivors (2048K)
 Metaspace       used 74286K, committed 74816K, reserved 1114112K
  class space    used 10048K, committed 10304K, reserved 1048576K
}
Event: 1998.453 GC heap before
{Heap before GC invocations=61 (full 2):
 garbage-first heap   total 64512K, used 49066K [0x00000000ccc00000, 0x0000000100000000)
  region size 1024K, 23 young (23552K), 2 survivors (2048K)
 Metaspace       used 74286K, committed 74816K, reserved 1114112K
  class space    used 10048K, committed 10304K, reserved 1048576K
}
Event: 1998.459 GC heap after
{Heap after GC invocations=62 (full 2):
 garbage-first heap   total 64512K, used 27187K [0x00000000ccc00000, 0x0000000100000000)
  region size 1024K, 2 young (2048K), 2 survivors (2048K)
 Metaspace       used 74286K, committed 74816K, reserved 1114112K
  class space    used 10048K, committed 10304K, reserved 1048576K
}
Event: 2600.743 GC heap before
{Heap before GC invocations=62 (full 2):
 garbage-first heap   total 64512K, used 46643K [0x00000000ccc00000, 0x0000000100000000)
  region size 1024K, 22 young (22528K), 2 survivors (2048K)
 Metaspace       used 74288K, committed 74816K, reserved 1114112K
  class space    used 10048K, committed 10304K, reserved 1048576K
}
Event: 2601.181 GC heap after
{Heap after GC invocations=63 (full 3):
 garbage-first heap   total 64512K, used 20808K [0x00000000ccc00000, 0x0000000100000000)
  region size 1024K, 0 young (0K), 0 survivors (0K)
 Metaspace       used 74259K, committed 74816K, reserved 1114112K
  class space    used 10044K, committed 10304K, reserved 1048576K
}
Event: 2603.689 GC heap before
{Heap before GC invocations=63 (full 3):
 garbage-first heap   total 64512K, used 49480K [0x00000000ccc00000, 0x0000000100000000)
  region size 1024K, 28 young (28672K), 0 survivors (0K)
 Metaspace       used 74303K, committed 74816K, reserved 1114112K
  class space    used 10051K, committed 10304K, reserved 1048576K
}
Event: 2603.705 GC heap after
{Heap after GC invocations=64 (full 3):
 garbage-first heap   total 64512K, used 24124K [0x00000000ccc00000, 0x0000000100000000)
  region size 1024K, 4 young (4096K), 4 survivors (4096K)
 Metaspace       used 74303K, committed 74816K, reserved 1114112K
  class space    used 10051K, committed 10304K, reserved 1048576K
}
Event: 2609.993 GC heap before
{Heap before GC invocations=64 (full 3):
 garbage-first heap   total 64512K, used 48700K [0x00000000ccc00000, 0x0000000100000000)
  region size 1024K, 28 young (28672K), 4 survivors (4096K)
 Metaspace       used 74445K, committed 74944K, reserved 1114112K
  class space    used 10060K, committed 10304K, reserved 1048576K
}
Event: 2610.014 GC heap after
{Heap after GC invocations=65 (full 3):
 garbage-first heap   total 64512K, used 27399K [0x00000000ccc00000, 0x0000000100000000)
  region size 1024K, 4 young (4096K), 4 survivors (4096K)
 Metaspace       used 74445K, committed 74944K, reserved 1114112K
  class space    used 10060K, committed 10304K, reserved 1048576K
}

