# JRE version: OpenJDK Runtime Environment Temurin-17.0.6+10 (17.0.6+10) (build 17.0.6+10)
# Java VM: OpenJDK 64-Bit Server VM Temurin-17.0.6+10 (17.0.6+10, mixed mode, emulated-client, tiered, compressed oops, compressed class ptrs, g1 gc, windows-amd64)
GC Precious Log:
 CPUs: 2 total, 2 available
 Memory: 3274M
 Large Page Support: Disabled
 NUMA Support: Disabled
 Compressed Oops: Enabled (32-bit)
 Heap Region Size: 1M
 Heap Min Capacity: 8M
 Heap Initial Capacity: 52M
 Heap Max Capacity: 820M
 Pre-touch: Disabled
 Parallel Workers: 2
 Concurrent Workers: 1
 Concurrent Refinement Workers: 2
 Periodic GC: Disabled
Heap:
 garbage-first heap   total 44032K, used 17635K [0x00000000ccc00000, 0x0000000100000000)
  region size 1024K, 1 young (1024K), 1 survivors (1024K)
 Metaspace       used 40675K, committed 41152K, reserved 1089536K
  class space    used 5252K, committed 5440K, reserved 1048576K
GC Heap History (20 events):
Event: 3.200 GC heap after
{Heap after GC invocations=5 (full 0):
 garbage-first heap   total 64512K, used 9156K [0x00000000ccc00000, 0x0000000100000000)
  region size 1024K, 2 young (2048K), 2 survivors (2048K)
 Metaspace       used 21290K, committed 21504K, reserved 1073152K
  class space    used 2452K, committed 2560K, reserved 1048576K
}
Event: 3.949 GC heap before
{Heap before GC invocations=6 (full 0):
 garbage-first heap   total 34816K, used 25540K [0x00000000ccc00000, 0x0000000100000000)
  region size 1024K, 20 young (20480K), 2 survivors (2048K)
 Metaspace       used 25749K, committed 26048K, reserved 1073152K
  class space    used 3022K, committed 3136K, reserved 1048576K
}
Event: 3.960 GC heap after
{Heap after GC invocations=7 (full 0):
 garbage-first heap   total 34816K, used 10233K [0x00000000ccc00000, 0x0000000100000000)
  region size 1024K, 3 young (3072K), 3 survivors (3072K)
 Metaspace       used 25749K, committed 26048K, reserved 1073152K
  class space    used 3022K, committed 3136K, reserved 1048576K
}
Event: 4.451 GC heap before
{Heap before GC invocations=7 (full 0):
 garbage-first heap   total 34816K, used 22521K [0x00000000ccc00000, 0x0000000100000000)
  region size 1024K, 16 young (16384K), 3 survivors (3072K)
 Metaspace       used 27524K, committed 27776K, reserved 1081344K
  class space    used 3276K, committed 3392K, reserved 1048576K
}
Event: 4.463 GC heap after
{Heap after GC invocations=8 (full 0):
 garbage-first heap   total 34816K, used 11522K [0x00000000ccc00000, 0x0000000100000000)
  region size 1024K, 2 young (2048K), 2 survivors (2048K)
 Metaspace       used 27524K, committed 27776K, reserved 1081344K
  class space    used 3276K, committed 3392K, reserved 1048576K
}
Event: 5.138 GC heap before
{Heap before GC invocations=8 (full 0):
 garbage-first heap   total 34816K, used 23810K [0x00000000ccc00000, 0x0000000100000000)
  region size 1024K, 14 young (14336K), 2 survivors (2048K)
 Metaspace       used 28148K, committed 28480K, reserved 1081344K
  class space    used 3381K, committed 3584K, reserved 1048576K
}
Event: 5.160 GC heap after
{Heap after GC invocations=9 (full 0):
 garbage-first heap   total 34816K, used 12013K [0x00000000ccc00000, 0x0000000100000000)
  region size 1024K, 1 young (1024K), 1 survivors (1024K)
 Metaspace       used 28148K, committed 28480K, reserved 1081344K
  class space    used 3381K, committed 3584K, reserved 1048576K
}
Event: 5.869 GC heap before
{Heap before GC invocations=9 (full 0):
 garbage-first heap   total 34816K, used 25325K [0x00000000ccc00000, 0x0000000100000000)
  region size 1024K, 14 young (14336K), 1 survivors (1024K)
 Metaspace       used 30083K, committed 30464K, reserved 1081344K
  class space    used 3674K, committed 3840K, reserved 1048576K
}
Event: 5.876 GC heap after
{Heap after GC invocations=10 (full 0):
 garbage-first heap   total 34816K, used 12864K [0x00000000ccc00000, 0x0000000100000000)
  region size 1024K, 2 young (2048K), 2 survivors (2048K)
 Metaspace       used 30083K, committed 30464K, reserved 1081344K
  class space    used 3674K, committed 3840K, reserved 1048576K
}
Event: 6.381 GC heap before
{Heap before GC invocations=10 (full 0):
 garbage-first heap   total 34816K, used 25152K [0x00000000ccc00000, 0x0000000100000000)
  region size 1024K, 14 young (14336K), 2 survivors (2048K)
 Metaspace       used 31844K, committed 32256K, reserved 1081344K
  class space    used 3945K, committed 4160K, reserved 1048576K
}
Event: 6.391 GC heap after
{Heap after GC invocations=11 (full 0):
 garbage-first heap   total 41984K, used 13952K [0x00000000ccc00000, 0x0000000100000000)
  region size 1024K, 2 young (2048K), 2 survivors (2048K)
 Metaspace       used 31844K, committed 32256K, reserved 1081344K
  class space    used 3945K, committed 4160K, reserved 1048576K
}
Event: 7.101 GC heap before
{Heap before GC invocations=11 (full 0):
 garbage-first heap   total 41984K, used 30336K [0x00000000ccc00000, 0x0000000100000000)
  region size 1024K, 19 young (19456K), 2 survivors (2048K)
 Metaspace       used 34805K, committed 35200K, reserved 1081344K
  class space    used 4378K, committed 4544K, reserved 1048576K
}
Event: 7.113 GC heap after
{Heap after GC invocations=12 (full 0):
 garbage-first heap   total 41984K, used 15871K [0x00000000ccc00000, 0x0000000100000000)
  region size 1024K, 3 young (3072K), 3 survivors (3072K)
 Metaspace       used 34805K, committed 35200K, reserved 1081344K
  class space    used 4378K, committed 4544K, reserved 1048576K
}
Event: 7.429 GC heap before
{Heap before GC invocations=12 (full 0):
 garbage-first heap   total 41984K, used 20991K [0x00000000ccc00000, 0x0000000100000000)
  region size 1024K, 9 young (9216K), 3 survivors (3072K)
 Metaspace       used 35703K, committed 36096K, reserved 1081344K
  class space    used 4489K, committed 4672K, reserved 1048576K
}
Event: 7.441 GC heap after
{Heap after GC invocations=13 (full 0):
 garbage-first heap   total 41984K, used 16586K [0x00000000ccc00000, 0x0000000100000000)
  region size 1024K, 1 young (1024K), 1 survivors (1024K)
 Metaspace       used 35703K, committed 36096K, reserved 1081344K
  class space    used 4489K, committed 4672K, reserved 1048576K
}
Event: 8.054 GC heap before
{Heap before GC invocations=14 (full 0):
 garbage-first heap   total 41984K, used 29898K [0x00000000ccc00000, 0x0000000100000000)
  region size 1024K, 14 young (14336K), 1 survivors (1024K)
 Metaspace       used 37557K, committed 37952K, reserved 1089536K
  class space    used 4753K, committed 4928K, reserved 1048576K
}
Event: 8.062 GC heap after
{Heap after GC invocations=15 (full 0):
 garbage-first heap   total 41984K, used 17544K [0x00000000ccc00000, 0x0000000100000000)
  region size 1024K, 2 young (2048K), 2 survivors (2048K)
 Metaspace       used 37557K, committed 37952K, reserved 1089536K
  class space    used 4753K, committed 4928K, reserved 1048576K
}
Event: 8.134 GC heap before
{Heap before GC invocations=15 (full 0):
 garbage-first heap   total 41984K, used 18568K [0x00000000ccc00000, 0x0000000100000000)
  region size 1024K, 3 young (3072K), 2 survivors (2048K)
 Metaspace       used 37907K, committed 38336K, reserved 1089536K
  class space    used 4780K, committed 4992K, reserved 1048576K
}
Event: 8.145 GC heap after
{Heap after GC invocations=16 (full 0):
 garbage-first heap   total 41984K, used 17263K [0x00000000ccc00000, 0x0000000100000000)
  region size 1024K, 1 young (1024K), 1 survivors (1024K)
 Metaspace       used 37907K, committed 38336K, reserved 1089536K
  class space    used 4780K, committed 4992K, reserved 1048576K
}
Event: 8.760 GC heap before
{Heap before GC invocations=16 (full 0):
 garbage-first heap   total 41984K, used 29551K [0x00000000ccc00000, 0x0000000100000000)
  region size 1024K, 14 young (14336K), 1 survivors (1024K)
 Metaspace       used 40675K, committed 41152K, reserved 1089536K
  class space    used 5252K, committed 5440K, reserved 1048576K
}

