# JRE version: OpenJDK Runtime Environment Temurin-17.0.6+10 (17.0.6+10) (build 17.0.6+10)
# Java VM: OpenJDK 64-Bit Server VM Temurin-17.0.6+10 (17.0.6+10, mixed mode, emulated-client, tiered, compressed oops, compressed class ptrs, g1 gc, windows-amd64)
GC Precious Log:
 CPUs: 2 total, 2 available
 Memory: 3274M
 Large Page Support: Disabled
 NUMA Support: Disabled
 Compressed Oops: Enabled (32-bit)
 Heap Region Size: 1M
 Heap Min Capacity: 8M
 Heap Initial Capacity: 52M
 Heap Max Capacity: 820M
 Pre-touch: Disabled
 Parallel Workers: 2
 Concurrent Workers: 1
 Concurrent Refinement Workers: 2
 Periodic GC: Disabled
Heap:
 garbage-first heap   total 27648K, used 15748K [0x00000000ccc00000, 0x0000000100000000)
  region size 1024K, 2 young (2048K), 1 survivors (1024K)
 Metaspace       used 37016K, committed 37568K, reserved 1089536K
  class space    used 4635K, committed 4864K, reserved 1048576K
GC Heap History (20 events):
Event: 15.966 GC heap before
{Heap before GC invocations=6 (full 0):
 garbage-first heap   total 27648K, used 17737K [0x00000000ccc00000, 0x0000000100000000)
  region size 1024K, 13 young (13312K), 3 survivors (3072K)
 Metaspace       used 26524K, committed 26816K, reserved 1073152K
  class space    used 3148K, committed 3264K, reserved 1048576K
}
Event: 15.977 GC heap after
{Heap after GC invocations=7 (full 0):
 garbage-first heap   total 27648K, used 8400K [0x00000000ccc00000, 0x0000000100000000)
  region size 1024K, 2 young (2048K), 2 survivors (2048K)
 Metaspace       used 26524K, committed 26816K, reserved 1073152K
  class space    used 3148K, committed 3264K, reserved 1048576K
}
Event: 19.054 GC heap before
{Heap before GC invocations=7 (full 0):
 garbage-first heap   total 27648K, used 18640K [0x00000000ccc00000, 0x0000000100000000)
  region size 1024K, 12 young (12288K), 2 survivors (2048K)
 Metaspace       used 26969K, committed 27328K, reserved 1073152K
  class space    used 3229K, committed 3392K, reserved 1048576K
}
Event: 19.064 GC heap after
{Heap after GC invocations=8 (full 0):
 garbage-first heap   total 27648K, used 9534K [0x00000000ccc00000, 0x0000000100000000)
  region size 1024K, 2 young (2048K), 2 survivors (2048K)
 Metaspace       used 26969K, committed 27328K, reserved 1073152K
  class space    used 3229K, committed 3392K, reserved 1048576K
}
Event: 22.780 GC heap before
{Heap before GC invocations=8 (full 0):
 garbage-first heap   total 27648K, used 18750K [0x00000000ccc00000, 0x0000000100000000)
  region size 1024K, 11 young (11264K), 2 survivors (2048K)
 Metaspace       used 28118K, committed 28416K, reserved 1081344K
  class space    used 3396K, committed 3520K, reserved 1048576K
}
Event: 22.790 GC heap after
{Heap after GC invocations=9 (full 0):
 garbage-first heap   total 27648K, used 9744K [0x00000000ccc00000, 0x0000000100000000)
  region size 1024K, 2 young (2048K), 2 survivors (2048K)
 Metaspace       used 28118K, committed 28416K, reserved 1081344K
  class space    used 3396K, committed 3520K, reserved 1048576K
}
Event: 26.232 GC heap before
{Heap before GC invocations=9 (full 0):
 garbage-first heap   total 27648K, used 19984K [0x00000000ccc00000, 0x0000000100000000)
  region size 1024K, 12 young (12288K), 2 survivors (2048K)
 Metaspace       used 30226K, committed 30656K, reserved 1081344K
  class space    used 3685K, committed 3904K, reserved 1048576K
}
Event: 26.240 GC heap after
{Heap after GC invocations=10 (full 0):
 garbage-first heap   total 27648K, used 10618K [0x00000000ccc00000, 0x0000000100000000)
  region size 1024K, 2 young (2048K), 2 survivors (2048K)
 Metaspace       used 30226K, committed 30656K, reserved 1081344K
  class space    used 3685K, committed 3904K, reserved 1048576K
}
Event: 27.279 GC heap before
{Heap before GC invocations=10 (full 0):
 garbage-first heap   total 27648K, used 19834K [0x00000000ccc00000, 0x0000000100000000)
  region size 1024K, 11 young (11264K), 2 survivors (2048K)
 Metaspace       used 31638K, committed 32000K, reserved 1081344K
  class space    used 3912K, committed 4096K, reserved 1048576K
}
Event: 27.286 GC heap after
{Heap after GC invocations=11 (full 0):
 garbage-first heap   total 27648K, used 11581K [0x00000000ccc00000, 0x0000000100000000)
  region size 1024K, 2 young (2048K), 2 survivors (2048K)
 Metaspace       used 31638K, committed 32000K, reserved 1081344K
  class space    used 3912K, committed 4096K, reserved 1048576K
}
Event: 28.568 GC heap before
{Heap before GC invocations=11 (full 0):
 garbage-first heap   total 27648K, used 18749K [0x00000000ccc00000, 0x0000000100000000)
  region size 1024K, 10 young (10240K), 2 survivors (2048K)
 Metaspace       used 33133K, committed 33600K, reserved 1081344K
  class space    used 4075K, committed 4288K, reserved 1048576K
}
Event: 28.577 GC heap after
{Heap after GC invocations=12 (full 0):
 garbage-first heap   total 27648K, used 12708K [0x00000000ccc00000, 0x0000000100000000)
  region size 1024K, 2 young (2048K), 2 survivors (2048K)
 Metaspace       used 33133K, committed 33600K, reserved 1081344K
  class space    used 4075K, committed 4288K, reserved 1048576K
}
Event: 29.423 GC heap before
{Heap before GC invocations=12 (full 0):
 garbage-first heap   total 27648K, used 19876K [0x00000000ccc00000, 0x0000000100000000)
  region size 1024K, 9 young (9216K), 2 survivors (2048K)
 Metaspace       used 34213K, committed 34752K, reserved 1081344K
  class space    used 4235K, committed 4480K, reserved 1048576K
}
Event: 29.435 GC heap after
{Heap after GC invocations=13 (full 0):
 garbage-first heap   total 27648K, used 13585K [0x00000000ccc00000, 0x0000000100000000)
  region size 1024K, 1 young (1024K), 1 survivors (1024K)
 Metaspace       used 34213K, committed 34752K, reserved 1081344K
  class space    used 4235K, committed 4480K, reserved 1048576K
}
Event: 30.245 GC heap before
{Heap before GC invocations=13 (full 0):
 garbage-first heap   total 27648K, used 19729K [0x00000000ccc00000, 0x0000000100000000)
  region size 1024K, 8 young (8192K), 1 survivors (1024K)
 Metaspace       used 35377K, committed 35840K, reserved 1081344K
  class space    used 4397K, committed 4608K, reserved 1048576K
}
Event: 30.251 GC heap after
{Heap after GC invocations=14 (full 0):
 garbage-first heap   total 27648K, used 14617K [0x00000000ccc00000, 0x0000000100000000)
  region size 1024K, 1 young (1024K), 1 survivors (1024K)
 Metaspace       used 35377K, committed 35840K, reserved 1081344K
  class space    used 4397K, committed 4608K, reserved 1048576K
}
Event: 32.978 GC heap before
{Heap before GC invocations=15 (full 0):
 garbage-first heap   total 27648K, used 20761K [0x00000000ccc00000, 0x0000000100000000)
  region size 1024K, 7 young (7168K), 1 survivors (1024K)
 Metaspace       used 36332K, committed 36736K, reserved 1081344K
  class space    used 4538K, committed 4736K, reserved 1048576K
}
Event: 32.984 GC heap after
{Heap after GC invocations=16 (full 0):
 garbage-first heap   total 27648K, used 15208K [0x00000000ccc00000, 0x0000000100000000)
  region size 1024K, 1 young (1024K), 1 survivors (1024K)
 Metaspace       used 36332K, committed 36736K, reserved 1081344K
  class space    used 4538K, committed 4736K, reserved 1048576K
}
Event: 37.414 GC heap before
{Heap before GC invocations=16 (full 0):
 garbage-first heap   total 27648K, used 19304K [0x00000000ccc00000, 0x0000000100000000)
  region size 1024K, 6 young (6144K), 1 survivors (1024K)
 Metaspace       used 37064K, committed 37568K, reserved 1089536K
  class space    used 4646K, committed 4864K, reserved 1048576K
}
Event: 37.419 GC heap after
{Heap after GC invocations=17 (full 0):
 garbage-first heap   total 27648K, used 15748K [0x00000000ccc00000, 0x0000000100000000)
  region size 1024K, 1 young (1024K), 1 survivors (1024K)
 Metaspace       used 37064K, committed 37568K, reserved 1089536K
  class space    used 4646K, committed 4864K, reserved 1048576K
}

