# JRE version: OpenJDK Runtime Environment Temurin-17.0.6+10 (17.0.6+10) (build 17.0.6+10)
# Java VM: OpenJDK 64-Bit Server VM Temurin-17.0.6+10 (17.0.6+10, mixed mode, emulated-client, tiered, compressed oops, compressed class ptrs, g1 gc, windows-amd64)
GC Precious Log:
 CPUs: 2 total, 2 available
 Memory: 3274M
 Large Page Support: Disabled
 NUMA Support: Disabled
 Compressed Oops: Enabled (32-bit)
 Heap Region Size: 1M
 Heap Min Capacity: 8M
 Heap Initial Capacity: 52M
 Heap Max Capacity: 820M
 Pre-touch: Disabled
 Parallel Workers: 2
 Concurrent Workers: 1
 Concurrent Refinement Workers: 2
 Periodic GC: Disabled
Heap:
 garbage-first heap   total 41984K, used 21509K [0x00000000ccc00000, 0x0000000100000000)
  region size 1024K, 2 young (2048K), 1 survivors (1024K)
 Metaspace       used 57437K, committed 57920K, reserved 1105920K
  class space    used 7611K, committed 7872K, reserved 1048576K
GC Heap History (20 events):
Event: 12.394 GC heap before
{Heap before GC invocations=11 (full 0):
 garbage-first heap   total 34816K, used 26397K [0x00000000ccc00000, 0x0000000100000000)
  region size 1024K, 14 young (14336K), 2 survivors (2048K)
 Metaspace       used 34431K, committed 34816K, reserved 1081344K
  class space    used 4338K, committed 4480K, reserved 1048576K
}
Event: 12.416 GC heap after
{Heap after GC invocations=12 (full 0):
 garbage-first heap   total 34816K, used 15306K [0x00000000ccc00000, 0x0000000100000000)
  region size 1024K, 2 young (2048K), 2 survivors (2048K)
 Metaspace       used 34431K, committed 34816K, reserved 1081344K
  class space    used 4338K, committed 4480K, reserved 1048576K
}
Event: 13.085 GC heap before
{Heap before GC invocations=12 (full 0):
 garbage-first heap   total 34816K, used 21450K [0x00000000ccc00000, 0x0000000100000000)
  region size 1024K, 10 young (10240K), 2 survivors (2048K)
 Metaspace       used 35769K, committed 36160K, reserved 1081344K
  class space    used 4490K, committed 4672K, reserved 1048576K
}
Event: 13.093 GC heap after
{Heap after GC invocations=13 (full 0):
 garbage-first heap   total 41984K, used 16367K [0x00000000ccc00000, 0x0000000100000000)
  region size 1024K, 1 young (1024K), 1 survivors (1024K)
 Metaspace       used 35769K, committed 36160K, reserved 1081344K
  class space    used 4490K, committed 4672K, reserved 1048576K
}
Event: 14.968 GC heap before
{Heap before GC invocations=14 (full 0):
 garbage-first heap   total 41984K, used 31727K [0x00000000ccc00000, 0x0000000100000000)
  region size 1024K, 16 young (16384K), 1 survivors (1024K)
 Metaspace       used 38078K, committed 38464K, reserved 1089536K
  class space    used 4812K, committed 4992K, reserved 1048576K
}
Event: 14.980 GC heap after
{Heap after GC invocations=15 (full 0):
 garbage-first heap   total 41984K, used 17360K [0x00000000ccc00000, 0x0000000100000000)
  region size 1024K, 2 young (2048K), 2 survivors (2048K)
 Metaspace       used 38078K, committed 38464K, reserved 1089536K
  class space    used 4812K, committed 4992K, reserved 1048576K
}
Event: 15.231 GC heap before
{Heap before GC invocations=15 (full 0):
 garbage-first heap   total 41984K, used 18384K [0x00000000ccc00000, 0x0000000100000000)
  region size 1024K, 3 young (3072K), 2 survivors (2048K)
 Metaspace       used 38251K, committed 38656K, reserved 1089536K
  class space    used 4842K, committed 5056K, reserved 1048576K
}
Event: 15.241 GC heap after
{Heap after GC invocations=16 (full 0):
 garbage-first heap   total 41984K, used 17390K [0x00000000ccc00000, 0x0000000100000000)
  region size 1024K, 1 young (1024K), 1 survivors (1024K)
 Metaspace       used 38251K, committed 38656K, reserved 1089536K
  class space    used 4842K, committed 5056K, reserved 1048576K
}
Event: 16.721 GC heap before
{Heap before GC invocations=16 (full 0):
 garbage-first heap   total 41984K, used 31726K [0x00000000ccc00000, 0x0000000100000000)
  region size 1024K, 15 young (15360K), 1 survivors (1024K)
 Metaspace       used 41473K, committed 41920K, reserved 1089536K
  class space    used 5365K, committed 5568K, reserved 1048576K
}
Event: 16.725 GC heap after
{Heap after GC invocations=17 (full 0):
 garbage-first heap   total 41984K, used 17714K [0x00000000ccc00000, 0x0000000100000000)
  region size 1024K, 1 young (1024K), 1 survivors (1024K)
 Metaspace       used 41473K, committed 41920K, reserved 1089536K
  class space    used 5365K, committed 5568K, reserved 1048576K
}
Event: 17.820 GC heap before
{Heap before GC invocations=17 (full 0):
 garbage-first heap   total 41984K, used 32050K [0x00000000ccc00000, 0x0000000100000000)
  region size 1024K, 15 young (15360K), 1 survivors (1024K)
 Metaspace       used 47688K, committed 48128K, reserved 1097728K
  class space    used 6127K, committed 6336K, reserved 1048576K
}
Event: 17.828 GC heap after
{Heap after GC invocations=18 (full 0):
 garbage-first heap   total 41984K, used 19338K [0x00000000ccc00000, 0x0000000100000000)
  region size 1024K, 2 young (2048K), 2 survivors (2048K)
 Metaspace       used 47688K, committed 48128K, reserved 1097728K
  class space    used 6127K, committed 6336K, reserved 1048576K
}
Event: 18.943 GC heap before
{Heap before GC invocations=18 (full 0):
 garbage-first heap   total 41984K, used 32650K [0x00000000ccc00000, 0x0000000100000000)
  region size 1024K, 15 young (15360K), 2 survivors (2048K)
 Metaspace       used 50801K, committed 51264K, reserved 1097728K
  class space    used 6542K, committed 6784K, reserved 1048576K
}
Event: 18.951 GC heap after
{Heap after GC invocations=19 (full 0):
 garbage-first heap   total 41984K, used 20320K [0x00000000ccc00000, 0x0000000100000000)
  region size 1024K, 1 young (1024K), 1 survivors (1024K)
 Metaspace       used 50801K, committed 51264K, reserved 1097728K
  class space    used 6542K, committed 6784K, reserved 1048576K
}
Event: 19.964 GC heap before
{Heap before GC invocations=19 (full 0):
 garbage-first heap   total 41984K, used 32608K [0x00000000ccc00000, 0x0000000100000000)
  region size 1024K, 13 young (13312K), 1 survivors (1024K)
 Metaspace       used 53543K, committed 54016K, reserved 1097728K
  class space    used 6923K, committed 7168K, reserved 1048576K
}
Event: 19.971 GC heap after
{Heap after GC invocations=20 (full 0):
 garbage-first heap   total 41984K, used 20955K [0x00000000ccc00000, 0x0000000100000000)
  region size 1024K, 2 young (2048K), 2 survivors (2048K)
 Metaspace       used 53543K, committed 54016K, reserved 1097728K
  class space    used 6923K, committed 7168K, reserved 1048576K
}
Event: 21.057 GC heap before
{Heap before GC invocations=21 (full 0):
 garbage-first heap   total 41984K, used 32219K [0x00000000ccc00000, 0x0000000100000000)
  region size 1024K, 14 young (14336K), 2 survivors (2048K)
 Metaspace       used 57090K, committed 57536K, reserved 1105920K
  class space    used 7530K, committed 7744K, reserved 1048576K
}
Event: 21.065 GC heap after
{Heap after GC invocations=22 (full 0):
 garbage-first heap   total 41984K, used 21456K [0x00000000ccc00000, 0x0000000100000000)
  region size 1024K, 2 young (2048K), 2 survivors (2048K)
 Metaspace       used 57090K, committed 57536K, reserved 1105920K
  class space    used 7530K, committed 7744K, reserved 1048576K
}
Event: 21.128 GC heap before
{Heap before GC invocations=22 (full 0):
 garbage-first heap   total 41984K, used 22480K [0x00000000ccc00000, 0x0000000100000000)
  region size 1024K, 3 young (3072K), 2 survivors (2048K)
 Metaspace       used 57305K, committed 57792K, reserved 1105920K
  class space    used 7583K, committed 7808K, reserved 1048576K
}
Event: 21.138 GC heap after
{Heap after GC invocations=23 (full 0):
 garbage-first heap   total 41984K, used 21509K [0x00000000ccc00000, 0x0000000100000000)
  region size 1024K, 1 young (1024K), 1 survivors (1024K)
 Metaspace       used 57305K, committed 57792K, reserved 1105920K
  class space    used 7583K, committed 7808K, reserved 1048576K
}

